<?xml version="1.0" encoding="UTF-8"?>
<testng-results ignored="0" total="1" passed="1" failed="0" skipped="0">
  <reporter-output>
  </reporter-output>
  <suite started-at="2023-08-05T10:30:44 IST" name="Default suite" finished-at="2023-08-05T10:31:10 IST" duration-ms="26058">
    <groups>
    </groups>
    <test started-at="2023-08-05T10:30:44 IST" name="Default test" finished-at="2023-08-05T10:31:10 IST" duration-ms="26058">
      <class name="Module_1_test.testNG_testclass">
        <test-method is-config="true" signature="openbrowser()[pri:0, instance:Module_1_test.testNG_testclass@7161d8d1]" started-at="2023-08-05T10:30:44 IST" name="openbrowser" finished-at="2023-08-05T10:30:53 IST" duration-ms="9494" status="PASS">
          <reporter-output>
          </reporter-output>
        </test-method> <!-- openbrowser -->
        <test-method is-config="true" signature="login()[pri:0, instance:Module_1_test.testNG_testclass@7161d8d1]" started-at="2023-08-05T10:30:53 IST" name="login" finished-at="2023-08-05T10:31:06 IST" duration-ms="12658" status="PASS">
          <reporter-output>
          </reporter-output>
        </test-method> <!-- login -->
        <test-method signature="verifyemail_guru99()[pri:0, instance:Module_1_test.testNG_testclass@7161d8d1]" started-at="2023-08-05T10:31:06 IST" name="verifyemail_guru99" finished-at="2023-08-05T10:31:07 IST" duration-ms="1096" status="PASS">
          <reporter-output>
          </reporter-output>
        </test-method> <!-- verifyemail_guru99 -->
        <test-method is-config="true" signature="logout()[pri:0, instance:Module_1_test.testNG_testclass@7161d8d1]" started-at="2023-08-05T10:31:07 IST" name="logout" finished-at="2023-08-05T10:31:09 IST" duration-ms="2613" status="PASS">
          <reporter-output>
          </reporter-output>
        </test-method> <!-- logout -->
        <test-method is-config="true" signature="closebrowser()[pri:0, instance:Module_1_test.testNG_testclass@7161d8d1]" started-at="2023-08-05T10:31:09 IST" name="closebrowser" finished-at="2023-08-05T10:31:10 IST" duration-ms="136" status="PASS">
          <reporter-output>
          </reporter-output>
        </test-method> <!-- closebrowser -->
      </class> <!-- Module_1_test.testNG_testclass -->
    </test> <!-- Default test -->
  </suite> <!-- Default suite -->
</testng-results>
